0 info it worked if it ends with ok
1 verbose cli [ '/usr/bin/nodejs',
1 verbose cli   '/usr/bin/npm',
1 verbose cli   'install',
1 verbose cli   '-g',
1 verbose cli   '--save-dev',
1 verbose cli   '@types/node' ]
2 info using npm@1.3.10
3 info using node@v0.10.25
4 verbose cache add [ '@types/node', null ]
5 verbose cache add name=undefined spec="@types/node" args=["@types/node",null]
6 verbose parsed url { protocol: null,
6 verbose parsed url   slashes: null,
6 verbose parsed url   auth: null,
6 verbose parsed url   host: null,
6 verbose parsed url   port: null,
6 verbose parsed url   hostname: null,
6 verbose parsed url   hash: null,
6 verbose parsed url   search: null,
6 verbose parsed url   query: null,
6 verbose parsed url   pathname: '@types/node',
6 verbose parsed url   path: '@types/node',
6 verbose parsed url   href: '@types/node' }
7 verbose cache add name="" spec="types/node" args=["","types/node"]
8 verbose parsed url { protocol: null,
8 verbose parsed url   slashes: null,
8 verbose parsed url   auth: null,
8 verbose parsed url   host: null,
8 verbose parsed url   port: null,
8 verbose parsed url   hostname: null,
8 verbose parsed url   hash: null,
8 verbose parsed url   search: null,
8 verbose parsed url   query: null,
8 verbose parsed url   pathname: 'types/node',
8 verbose parsed url   path: 'types/node',
8 verbose parsed url   href: 'types/node' }
9 silly lockFile 6134932f-types-node types/node
10 verbose lock types/node /home/pza/.npm/6134932f-types-node.lock
11 info maybeGithub Attempting types/node from git://github.com/types/node
12 silly lockFile 4f2f4dc3-git-github-com-types-node git://github.com/types/node
13 verbose lock git://github.com/types/node /home/pza/.npm/4f2f4dc3-git-github-com-types-node.lock
14 verbose addRemoteGit [ 'git://github.com/types/node', 'master' ]
15 verbose git clone git://github.com/types/node Cloning into bare repository '/home/pza/.npm/_git-remotes/git-github-com-types-node-4f2f4dc3'...
15 verbose git clone git://github.com/types/node fatal: remote error:
15 verbose git clone git://github.com/types/node   Repository not found.
16 silly lockFile 4f2f4dc3-git-github-com-types-node git://github.com/types/node
17 silly lockFile 4f2f4dc3-git-github-com-types-node git://github.com/types/node
18 info maybeGithub Attempting types/node from git+ssh://git@github.com:types/node
19 silly lockFile 1208e7f4-it-ssh-git-github-com-types-node git+ssh://git@github.com:types/node
20 verbose lock git+ssh://git@github.com:types/node /home/pza/.npm/1208e7f4-it-ssh-git-github-com-types-node.lock
21 verbose addRemoteGit [ 'git@github.com:types/node', 'master' ]
22 error git clone git@github.com:types/node Cloning into bare repository '/home/pza/.npm/_git-remotes/git-github-com-types-node-921b5735'...
22 error git clone git@github.com:types/node Permission denied (publickey).
22 error git clone git@github.com:types/node fatal: Could not read from remote repository.
22 error git clone git@github.com:types/node
22 error git clone git@github.com:types/node Please make sure you have the correct access rights
22 error git clone git@github.com:types/node and the repository exists.
23 silly lockFile 921b5735-git-github-com-types-node git@github.com:types/node
24 silly lockFile 6134932f-types-node types/node
25 silly lockFile 6134932f-types-node types/node
26 error addLocal Could not install types/node
27 error Error: ENOENT, stat 'types/node'
28 error If you need help, you may report this log at:
28 error     <http://github.com/isaacs/npm/issues>
28 error or email it to:
28 error     <npm-@googlegroups.com>
29 error System Linux 4.4.0-43-Microsoft
30 error command "/usr/bin/nodejs" "/usr/bin/npm" "install" "-g" "--save-dev" "@types/node"
31 error cwd /mnt/c/Users/pza/PhpstormProjects/bounceApp/js
32 error node -v v0.10.25
33 error npm -v 1.3.10
34 error path types/node
35 error code ENOENT
36 error errno 34
37 verbose exit [ 34, true ]
